[01:31:40] [ServerMain/INFO]: Environment: authHost='https://authserver.mojang.com', accountsHost='https://api.mojang.com', sessionHost='https://sessionserver.mojang.com', servicesHost='https://api.minecraftservices.com', name='PROD'
[01:31:41] [ServerMain/WARN]: Ambiguity between arguments [teleport, location] and [teleport, destination] with inputs: [0.1 -0.5 .9, 0 0 0]
[01:31:41] [ServerMain/WARN]: Ambiguity between arguments [teleport, location] and [teleport, targets] with inputs: [0.1 -0.5 .9, 0 0 0]
[01:31:41] [ServerMain/WARN]: Ambiguity between arguments [teleport, destination] and [teleport, targets] with inputs: [Player, 0123, @e, dd12be42-52a9-4a91-a8a1-11c01849e498]
[01:31:41] [ServerMain/WARN]: Ambiguity between arguments [teleport, targets] and [teleport, destination] with inputs: [Player, 0123, dd12be42-52a9-4a91-a8a1-11c01849e498]
[01:31:41] [ServerMain/WARN]: Ambiguity between arguments [teleport, targets, location] and [teleport, targets, destination] with inputs: [0.1 -0.5 .9, 0 0 0]
[01:31:41] [ServerMain/INFO]: Reloading ResourceManager: Default
[01:31:42] [Worker-Main-6/INFO]: Loaded 7 recipes
[01:31:42] [Worker-Main-6/INFO]: Loaded 1141 advancements
[01:31:46] [Server thread/INFO]: Starting minecraft server version 1.18.1
[01:31:46] [Server thread/INFO]: Loading properties
[01:31:46] [Server thread/INFO]: Default game type: SURVIVAL
[01:31:46] [Server thread/INFO]: Generating keypair
[01:31:46] [Server thread/INFO]: Starting Minecraft server on 26.241.111.176:25565
[01:31:46] [Server console handler/ERROR]: Exception handling console input
java.io.IOException: Controlador no válido
	at java.io.FileInputStream.readBytes(Native Method) ~[?:?]
	at java.io.FileInputStream.read(FileInputStream.java:276) ~[?:?]
	at java.io.BufferedInputStream.read1(BufferedInputStream.java:282) ~[?:?]
	at java.io.BufferedInputStream.read(BufferedInputStream.java:343) ~[?:?]
	at sun.nio.cs.StreamDecoder.readBytes(StreamDecoder.java:270) ~[?:?]
	at sun.nio.cs.StreamDecoder.implRead(StreamDecoder.java:313) ~[?:?]
	at sun.nio.cs.StreamDecoder.read(StreamDecoder.java:188) ~[?:?]
	at java.io.InputStreamReader.read(InputStreamReader.java:177) ~[?:?]
	at java.io.BufferedReader.fill(BufferedReader.java:162) ~[?:?]
	at java.io.BufferedReader.readLine(BufferedReader.java:329) ~[?:?]
	at java.io.BufferedReader.readLine(BufferedReader.java:396) ~[?:?]
	at acj$1.run(SourceFile:101) [server-1.18.1.jar:?]
[01:31:46] [Server thread/INFO]: Using default channel type
[01:31:49] [Server thread/WARN]: **** SERVER IS RUNNING IN OFFLINE/INSECURE MODE!
[01:31:49] [Server thread/WARN]: The server will make no attempt to authenticate usernames. Beware.
[01:31:49] [Server thread/WARN]: While this makes the game possible to play without internet access, it also opens up the ability for hackers to connect with any username they choose.
[01:31:49] [Server thread/WARN]: To change this, set "online-mode" to "true" in the server.properties file.
[01:31:49] [Server thread/INFO]: Preparing level "world"
[01:31:57] [Server thread/INFO]: Preparing start region for dimension minecraft:overworld
[01:31:58] [Worker-Main-6/INFO]: Preparing spawn area: 0%
[01:31:58] [Worker-Main-6/INFO]: Preparing spawn area: 0%
[01:31:58] [Worker-Main-6/INFO]: Preparing spawn area: 0%
[01:31:59] [Worker-Main-5/INFO]: Preparing spawn area: 0%
[01:31:59] [Worker-Main-6/INFO]: Preparing spawn area: 0%
[01:32:00] [Worker-Main-6/INFO]: Preparing spawn area: 0%
[01:32:00] [Worker-Main-4/INFO]: Preparing spawn area: 0%
[01:32:01] [Worker-Main-5/INFO]: Preparing spawn area: 0%
[01:32:01] [Worker-Main-5/INFO]: Preparing spawn area: 1%
[01:32:02] [Worker-Main-5/INFO]: Preparing spawn area: 1%
[01:32:02] [Worker-Main-4/INFO]: Preparing spawn area: 2%
[01:32:03] [Worker-Main-5/INFO]: Preparing spawn area: 3%
[01:32:03] [Worker-Main-4/INFO]: Preparing spawn area: 3%
[01:32:04] [Worker-Main-4/INFO]: Preparing spawn area: 4%
[01:32:04] [Worker-Main-4/INFO]: Preparing spawn area: 4%
[01:32:05] [Worker-Main-6/INFO]: Preparing spawn area: 5%
[01:32:05] [Worker-Main-5/INFO]: Preparing spawn area: 6%
[01:32:06] [Worker-Main-5/INFO]: Preparing spawn area: 8%
[01:32:06] [Worker-Main-4/INFO]: Preparing spawn area: 9%
[01:32:07] [Worker-Main-6/INFO]: Preparing spawn area: 9%
[01:32:07] [Worker-Main-6/INFO]: Preparing spawn area: 11%
[01:32:08] [Worker-Main-4/INFO]: Preparing spawn area: 12%
[01:32:08] [Worker-Main-6/INFO]: Preparing spawn area: 13%
[01:32:09] [Worker-Main-6/INFO]: Preparing spawn area: 15%
[01:32:09] [Worker-Main-4/INFO]: Preparing spawn area: 15%
[01:32:10] [Worker-Main-4/INFO]: Preparing spawn area: 16%
[01:32:10] [Worker-Main-4/INFO]: Preparing spawn area: 16%
[01:32:11] [Worker-Main-6/INFO]: Preparing spawn area: 19%
[01:32:11] [Worker-Main-5/INFO]: Preparing spawn area: 21%
[01:32:12] [Worker-Main-6/INFO]: Preparing spawn area: 22%
[01:32:12] [Worker-Main-4/INFO]: Preparing spawn area: 23%
[01:32:13] [Worker-Main-6/INFO]: Preparing spawn area: 24%
[01:32:13] [Worker-Main-6/INFO]: Preparing spawn area: 24%
[01:32:14] [Worker-Main-4/INFO]: Preparing spawn area: 26%
[01:32:14] [Worker-Main-5/INFO]: Preparing spawn area: 27%
[01:32:15] [Worker-Main-6/INFO]: Preparing spawn area: 29%
[01:32:15] [Worker-Main-6/INFO]: Preparing spawn area: 31%
[01:32:16] [Worker-Main-6/INFO]: Preparing spawn area: 32%
[01:32:16] [Worker-Main-4/INFO]: Preparing spawn area: 33%
[01:32:17] [Worker-Main-6/INFO]: Preparing spawn area: 33%
[01:32:17] [Worker-Main-4/INFO]: Preparing spawn area: 34%
[01:32:18] [Worker-Main-5/INFO]: Preparing spawn area: 36%
[01:32:18] [Worker-Main-5/INFO]: Preparing spawn area: 37%
[01:32:19] [Worker-Main-4/INFO]: Preparing spawn area: 38%
[01:32:19] [Worker-Main-5/INFO]: Preparing spawn area: 40%
[01:32:20] [Worker-Main-6/INFO]: Preparing spawn area: 42%
[01:32:20] [Worker-Main-5/INFO]: Preparing spawn area: 43%
[01:32:21] [Worker-Main-5/INFO]: Preparing spawn area: 44%
[01:32:21] [Worker-Main-5/INFO]: Preparing spawn area: 45%
[01:32:22] [Worker-Main-4/INFO]: Preparing spawn area: 48%
[01:32:22] [Worker-Main-5/INFO]: Preparing spawn area: 50%
[01:32:23] [Worker-Main-6/INFO]: Preparing spawn area: 51%
[01:32:23] [Worker-Main-4/INFO]: Preparing spawn area: 53%
[01:32:24] [Worker-Main-4/INFO]: Preparing spawn area: 54%
[01:32:24] [Worker-Main-4/INFO]: Preparing spawn area: 54%
[01:32:25] [Worker-Main-5/INFO]: Preparing spawn area: 55%
[01:32:25] [Worker-Main-5/INFO]: Preparing spawn area: 55%
[01:32:26] [Worker-Main-5/INFO]: Preparing spawn area: 56%
[01:32:26] [Worker-Main-4/INFO]: Preparing spawn area: 57%
[01:32:27] [Worker-Main-5/INFO]: Preparing spawn area: 58%
[01:32:27] [Worker-Main-4/INFO]: Preparing spawn area: 59%
[01:32:28] [Worker-Main-5/INFO]: Preparing spawn area: 60%
[01:32:28] [Worker-Main-6/INFO]: Preparing spawn area: 61%
[01:32:29] [Worker-Main-4/INFO]: Preparing spawn area: 61%
[01:32:29] [Worker-Main-4/INFO]: Preparing spawn area: 62%
[01:32:30] [Worker-Main-5/INFO]: Preparing spawn area: 64%
[01:32:30] [Worker-Main-5/INFO]: Preparing spawn area: 65%
[01:32:31] [Worker-Main-6/INFO]: Preparing spawn area: 68%
[01:32:31] [Worker-Main-5/INFO]: Preparing spawn area: 69%
[01:32:32] [Worker-Main-6/INFO]: Preparing spawn area: 70%
[01:32:32] [Worker-Main-6/INFO]: Preparing spawn area: 72%
[01:32:33] [Worker-Main-5/INFO]: Preparing spawn area: 73%
[01:32:33] [Worker-Main-6/INFO]: Preparing spawn area: 74%
[01:32:34] [Worker-Main-5/INFO]: Preparing spawn area: 74%
[01:32:34] [Worker-Main-6/INFO]: Preparing spawn area: 75%
[01:32:35] [Worker-Main-6/INFO]: Preparing spawn area: 75%
[01:32:35] [Worker-Main-5/INFO]: Preparing spawn area: 77%
[01:32:36] [Worker-Main-6/INFO]: Preparing spawn area: 78%
[01:32:36] [Worker-Main-4/INFO]: Preparing spawn area: 79%
[01:32:37] [Worker-Main-6/INFO]: Preparing spawn area: 79%
[01:32:37] [Worker-Main-6/INFO]: Preparing spawn area: 81%
[01:32:38] [Worker-Main-4/INFO]: Preparing spawn area: 82%
[01:32:38] [Worker-Main-6/INFO]: Preparing spawn area: 83%
[01:32:39] [Worker-Main-6/INFO]: Preparing spawn area: 83%
[01:32:39] [Worker-Main-4/INFO]: Preparing spawn area: 85%
[01:32:40] [Worker-Main-5/INFO]: Preparing spawn area: 86%
[01:32:40] [Worker-Main-5/INFO]: Preparing spawn area: 86%
[01:32:41] [Worker-Main-5/INFO]: Preparing spawn area: 87%
[01:32:41] [Worker-Main-6/INFO]: Preparing spawn area: 89%
[01:32:42] [Worker-Main-4/INFO]: Preparing spawn area: 90%
[01:32:42] [Worker-Main-4/INFO]: Preparing spawn area: 91%
[01:32:43] [Worker-Main-5/INFO]: Preparing spawn area: 92%
[01:32:43] [Worker-Main-6/INFO]: Preparing spawn area: 93%
[01:32:44] [Worker-Main-6/INFO]: Preparing spawn area: 94%
[01:32:44] [Worker-Main-5/INFO]: Preparing spawn area: 96%
[01:32:45] [Worker-Main-5/INFO]: Preparing spawn area: 97%
[01:32:45] [Worker-Main-4/INFO]: Preparing spawn area: 98%
[01:32:51] [Server thread/INFO]: Time elapsed: 54086 ms
[01:32:51] [Server thread/INFO]: Done (62.573s)! For help, type "help"
[01:32:51] [Server thread/INFO]: Stopping server
[01:32:51] [Server thread/INFO]: Saving players
[01:32:51] [Server thread/INFO]: Saving worlds
[01:32:51] [Server thread/INFO]: Saving chunks for level 'ServerLevel[world]'/minecraft:overworld
[01:33:02] [Server thread/INFO]: Saving chunks for level 'ServerLevel[world]'/minecraft:the_nether
[01:33:03] [Server thread/INFO]: Saving chunks for level 'ServerLevel[world]'/minecraft:the_end
[01:33:03] [Server thread/INFO]: ThreadedAnvilChunkStorage (world): All chunks are saved
[01:33:03] [Server thread/INFO]: ThreadedAnvilChunkStorage (DIM-1): All chunks are saved
[01:33:03] [Server thread/INFO]: ThreadedAnvilChunkStorage (DIM1): All chunks are saved
[01:33:03] [Server thread/INFO]: ThreadedAnvilChunkStorage: All dimensions are saved
